{"/Users/auri/Projects/denomination-calculator/src/data/denominations.js": {"path":"/Users/auri/Projects/denomination-calculator/src/data/denominations.js","statementMap":{"0":{"start":{"line":1,"column":22},"end":{"line":12,"column":1}}},"fnMap":{},"branchMap":{},"s":{"0":1},"f":{},"b":{},"_coverageSchema":"43e27e138ebf9cfc5966b082cf9a028302ed4184","hash":"72c5d7b587b87d36893f3f6eec1b3cdb6673bfee"}
,"/Users/auri/Projects/denomination-calculator/src/utils/index.js": {"path":"/Users/auri/Projects/denomination-calculator/src/utils/index.js","statementMap":{"0":{"start":{"line":3,"column":29},"end":{"line":6,"column":1}},"1":{"start":{"line":4,"column":16},"end":{"line":4,"column":87}},"2":{"start":{"line":5,"column":2},"end":{"line":5,"column":27}},"3":{"start":{"line":8,"column":27},"end":{"line":14,"column":1}},"4":{"start":{"line":10,"column":26},"end":{"line":10,"column":57}},"5":{"start":{"line":13,"column":2},"end":{"line":13,"column":55}},"6":{"start":{"line":16,"column":28},"end":{"line":44,"column":1}},"7":{"start":{"line":17,"column":2},"end":{"line":19,"column":3}},"8":{"start":{"line":18,"column":4},"end":{"line":18,"column":16}},"9":{"start":{"line":21,"column":14},"end":{"line":21,"column":15}},"10":{"start":{"line":22,"column":23},"end":{"line":22,"column":24}},"11":{"start":{"line":23,"column":15},"end":{"line":23,"column":20}},"12":{"start":{"line":24,"column":20},"end":{"line":24,"column":22}},"13":{"start":{"line":26,"column":2},"end":{"line":37,"column":5}},"14":{"start":{"line":28,"column":4},"end":{"line":28,"column":41}},"15":{"start":{"line":30,"column":4},"end":{"line":32,"column":5}},"16":{"start":{"line":31,"column":6},"end":{"line":31,"column":68}},"17":{"start":{"line":34,"column":4},"end":{"line":34,"column":28}},"18":{"start":{"line":36,"column":4},"end":{"line":36,"column":20}},"19":{"start":{"line":39,"column":2},"end":{"line":43,"column":4}}},"fnMap":{"0":{"name":"(anonymous_0)","decl":{"start":{"line":3,"column":29},"end":{"line":3,"column":30}},"loc":{"start":{"line":3,"column":45},"end":{"line":6,"column":1}},"line":3},"1":{"name":"(anonymous_1)","decl":{"start":{"line":8,"column":27},"end":{"line":8,"column":28}},"loc":{"start":{"line":8,"column":43},"end":{"line":14,"column":1}},"line":8},"2":{"name":"(anonymous_2)","decl":{"start":{"line":16,"column":28},"end":{"line":16,"column":29}},"loc":{"start":{"line":16,"column":43},"end":{"line":44,"column":1}},"line":16},"3":{"name":"(anonymous_3)","decl":{"start":{"line":26,"column":24},"end":{"line":26,"column":25}},"loc":{"start":{"line":26,"column":33},"end":{"line":37,"column":3}},"line":26}},"branchMap":{"0":{"loc":{"start":{"line":3,"column":30},"end":{"line":3,"column":40}},"type":"default-arg","locations":[{"start":{"line":3,"column":38},"end":{"line":3,"column":40}}],"line":3},"1":{"loc":{"start":{"line":8,"column":28},"end":{"line":8,"column":38}},"type":"default-arg","locations":[{"start":{"line":8,"column":36},"end":{"line":8,"column":38}}],"line":8},"2":{"loc":{"start":{"line":16,"column":29},"end":{"line":16,"column":38}},"type":"default-arg","locations":[{"start":{"line":16,"column":37},"end":{"line":16,"column":38}}],"line":16},"3":{"loc":{"start":{"line":17,"column":2},"end":{"line":19,"column":3}},"type":"if","locations":[{"start":{"line":17,"column":2},"end":{"line":19,"column":3}},{"start":{"line":17,"column":2},"end":{"line":19,"column":3}}],"line":17},"4":{"loc":{"start":{"line":17,"column":6},"end":{"line":17,"column":41}},"type":"binary-expr","locations":[{"start":{"line":17,"column":6},"end":{"line":17,"column":12}},{"start":{"line":17,"column":16},"end":{"line":17,"column":41}}],"line":17},"5":{"loc":{"start":{"line":30,"column":4},"end":{"line":32,"column":5}},"type":"if","locations":[{"start":{"line":30,"column":4},"end":{"line":32,"column":5}},{"start":{"line":30,"column":4},"end":{"line":32,"column":5}}],"line":30}},"s":{"0":1,"1":13,"2":13,"3":1,"4":8,"5":8,"6":1,"7":6,"8":4,"9":2,"10":2,"11":2,"12":2,"13":2,"14":20,"15":20,"16":4,"17":20,"18":20,"19":2},"f":{"0":13,"1":8,"2":6,"3":20},"b":{"0":[1],"1":[1],"2":[1],"3":[4,2],"4":[6,4],"5":[4,16]},"_coverageSchema":"43e27e138ebf9cfc5966b082cf9a028302ed4184","hash":"ef901a26a7f32fdc85e78b691681e166ffb8d00a"}
}
