TN:
SF:/Users/auri/Projects/denomination-calculator/src/data/denominations.js
FNF:0
FNH:0
DA:1,1
LF:1
LH:1
BRF:0
BRH:0
end_of_record
TN:
SF:/Users/auri/Projects/denomination-calculator/src/utils/index.js
FN:3,(anonymous_0)
FN:8,(anonymous_1)
FN:16,(anonymous_2)
FN:26,(anonymous_3)
FNF:4
FNH:4
FNDA:13,(anonymous_0)
FNDA:8,(anonymous_1)
FNDA:6,(anonymous_2)
FNDA:20,(anonymous_3)
DA:3,1
DA:4,13
DA:5,13
DA:8,1
DA:10,8
DA:13,8
DA:16,1
DA:17,6
DA:18,4
DA:21,2
DA:22,2
DA:23,2
DA:24,2
DA:26,2
DA:28,20
DA:30,20
DA:31,4
DA:34,20
DA:36,20
DA:39,2
LF:20
LH:20
BRDA:3,0,0,1
BRDA:8,1,0,1
BRDA:16,2,0,1
BRDA:17,3,0,4
BRDA:17,3,1,2
BRDA:17,4,0,6
BRDA:17,4,1,4
BRDA:30,5,0,4
BRDA:30,5,1,16
BRF:9
BRH:9
end_of_record
